<?xml version="1.0" encoding="UTF-8"?>
<testsuite xmlns:xsi="http://www.w3.org/2001/XMLSchema-instance" xsi:noNamespaceSchemaLocation="https://maven.apache.org/surefire/maven-surefire-plugin/xsd/surefire-test-report.xsd" name="TestSuite" time="301.48" tests="2" errors="0" skipped="0" failures="1">
  <properties>
[...]
</properties>
  <testcase name="Tc_Login_001" classname="com.Automation.HoroLab.TestCases.Login" time="0.982"/>
  <testcase name="Tc_Login_002" classname="com.Automation.HoroLab.TestCases.Login" time="31.082">
    <failure message="Fail due to exception Expected condition failed: waiting for visibility of element located by By.xpath: //*[text()=&apos;Login Failed, Reason : Bad credentials&apos;] (tried for 30 second(s) with 500 MILLISECONDS interval)" type="java.lang.AssertionError">java.lang.AssertionError: Fail due to exception Expected condition failed: waiting for visibility of element located by By.xpath: //*[text()='Login Failed, Reason : Bad credentials'] (tried for 30 second(s) with 500 MILLISECONDS interval)
	at com.Automation.HoroLab.TestCases.Login.Tc_Login_002(Login.java:21)
</failure>
    <system-out><![CDATA[2020-07-21 19:50:09 INFO  LogFileControl:44 -  test method........  com.Automation.HoroLab.TestCases.Login  ............  Tc_Login_002  ............  org.openqa.selenium.support.events.EventFiringWebDriver@21f00a6d 
............................
2020-07-21 19:50:09 INFO  LogFileControl:57 -  Landing Page, Click on Login Link Clicked 
2020-07-21 19:50:09 INFO  LogFileControl:57 -  Login Page, User Name Text Box Data entered as  
2020-07-21 19:50:10 INFO  LogFileControl:57 -  Login Page, Password Text Box Data entered as  
2020-07-21 19:50:10 INFO  LogFileControl:57 -  Login Page, Click on Sign In Clicked 
org.openqa.selenium.TimeoutException: Expected condition failed: waiting for visibility of element located by By.xpath: //*[text()='Login Failed, Reason : Bad credentials'] (tried for 30 second(s) with 500 MILLISECONDS interval)
]]></system-out>
    <system-err><![CDATA[Starting ChromeDriver 83.0.4103.39 (ccbf011cb2d2b19b506d844400483861342c20cd-refs/branch-heads/4103@{#416}) on port 1678
Only local connections are allowed.
Please see https://chromedriver.chromium.org/security-considerations for suggestions on keeping ChromeDriver safe.
ChromeDriver was started successfully.
Jul 21, 2020 7:48:07 PM org.openqa.selenium.remote.ProtocolHandshake createSession
INFO: Detected dialect: W3C
]]></system-err>
  </testcase>
</testsuite>