<?xml version="1.0" encoding="UTF-8"?>
<testng-results skipped="0" failed="0" total="1" passed="1">
  <reporter-output>
  </reporter-output>
  <suite name="Default suite" duration-ms="48237" started-at="2020-08-09T16:52:55Z" finished-at="2020-08-09T16:53:43Z">
    <groups>
      <group name="Admin">
        <method signature="AdminModuleTestCases.TC_PartsandModels_01_02_03_04_05_06()[pri:16, instance:com.Automation.HoroLab.TestCases.AdminModuleTestCases@13deb50e]" name="TC_PartsandModels_01_02_03_04_05_06" class="com.Automation.HoroLab.TestCases.AdminModuleTestCases"/>
      </group> <!-- Admin -->
    </groups>
    <test name="Default test" duration-ms="48237" started-at="2020-08-09T16:52:55Z" finished-at="2020-08-09T16:53:43Z">
      <class name="com.Automation.HoroLab.TestCases.AdminModuleTestCases">
        <test-method status="PASS" signature="extentSetup(org.testng.ITestContext)[pri:0, instance:com.Automation.HoroLab.TestCases.AdminModuleTestCases@13deb50e]" name="extentSetup" is-config="true" duration-ms="256" started-at="2020-08-09T22:22:55Z" finished-at="2020-08-09T22:22:55Z">
          <params>
            <param index="0">
              <value>
                <![CDATA[org.testng.TestRunner@5b04476e]]>
              </value>
            </param>
          </params>
          <reporter-output>
          </reporter-output>
        </test-method> <!-- extentSetup -->
        <test-method status="PASS" signature="testMethodStart(java.lang.reflect.Method)[pri:0, instance:com.Automation.HoroLab.TestCases.AdminModuleTestCases@13deb50e]" name="testMethodStart" is-config="true" duration-ms="18159" started-at="2020-08-09T22:22:55Z" finished-at="2020-08-09T22:23:13Z">
          <params>
            <param index="0">
              <value>
                <![CDATA[public static void com.Automation.HoroLab.TestCases.AdminModuleTestCases.TC_PartsandModels_01_02_03_04_05_06()]]>
              </value>
            </param>
          </params>
          <reporter-output>
          </reporter-output>
        </test-method> <!-- testMethodStart -->
        <test-method status="PASS" signature="TC_PartsandModels_01_02_03_04_05_06()[pri:16, instance:com.Automation.HoroLab.TestCases.AdminModuleTestCases@13deb50e]" name="TC_PartsandModels_01_02_03_04_05_06" duration-ms="28420" started-at="2020-08-09T22:23:13Z" description="Create Product Category and Validate, try to add same Product Category and validate error message, add Accessories, verify error on duplicate entry, delete accessories, delete product category" finished-at="2020-08-09T22:23:42Z">
          <reporter-output>
          </reporter-output>
        </test-method> <!-- TC_PartsandModels_01_02_03_04_05_06 -->
        <test-method status="PASS" signature="testMethodEnd(org.testng.ITestResult)[pri:0, instance:com.Automation.HoroLab.TestCases.AdminModuleTestCases@13deb50e]" name="testMethodEnd" is-config="true" duration-ms="1649" started-at="2020-08-09T22:23:42Z" finished-at="2020-08-09T22:23:43Z">
          <params>
            <param index="0">
              <value>
                <![CDATA[[TestResult name=TC_PartsandModels_01_02_03_04_05_06 status=SUCCESS method=AdminModuleTestCases.TC_PartsandModels_01_02_03_04_05_06()[pri:16, instance:com.Automation.HoroLab.TestCases.AdminModuleTestCases@13deb50e] output={null}]]]>
              </value>
            </param>
          </params>
          <reporter-output>
          </reporter-output>
        </test-method> <!-- testMethodEnd -->
        <test-method status="PASS" signature="afterSuite(org.testng.ITestContext)[pri:0, instance:com.Automation.HoroLab.TestCases.AdminModuleTestCases@13deb50e]" name="afterSuite" is-config="true" duration-ms="22" started-at="2020-08-09T22:23:43Z" finished-at="2020-08-09T22:23:43Z">
          <params>
            <param index="0">
              <value>
                <![CDATA[org.testng.TestRunner@5b04476e]]>
              </value>
            </param>
          </params>
          <reporter-output>
          </reporter-output>
        </test-method> <!-- afterSuite -->
      </class> <!-- com.Automation.HoroLab.TestCases.AdminModuleTestCases -->
    </test> <!-- Default test -->
  </suite> <!-- Default suite -->
</testng-results>
