<?xml version="1.0" encoding="UTF-8"?>
<testng-results skipped="0" failed="0" total="2" passed="2">
  <reporter-output>
  </reporter-output>
  <suite name="Default suite" duration-ms="33254" started-at="2020-07-19T04:38:30Z" finished-at="2020-07-19T04:39:03Z">
    <groups>
    </groups>
    <test name="Default test" duration-ms="33254" started-at="2020-07-19T04:38:30Z" finished-at="2020-07-19T04:39:03Z">
      <class name="com.Automation.HoroLab.TestCases.Login">
        <test-method status="PASS" signature="extentSetup(org.testng.ITestContext)[pri:0, instance:com.Automation.HoroLab.TestCases.Login@13deb50e]" name="extentSetup" is-config="true" duration-ms="264" started-at="2020-07-19T10:08:30Z" finished-at="2020-07-19T10:08:30Z">
          <params>
            <param index="0">
              <value>
                <![CDATA[org.testng.TestRunner@30d4b288]]>
              </value>
            </param>
          </params>
          <reporter-output>
          </reporter-output>
        </test-method> <!-- extentSetup -->
        <test-method status="PASS" signature="testMethodStart(java.lang.reflect.Method)[pri:0, instance:com.Automation.HoroLab.TestCases.Login@13deb50e]" name="testMethodStart" is-config="true" duration-ms="14807" started-at="2020-07-19T10:08:30Z" finished-at="2020-07-19T10:08:45Z">
          <params>
            <param index="0">
              <value>
                <![CDATA[public void com.Automation.HoroLab.TestCases.Login.Tc_Login_001()]]>
              </value>
            </param>
          </params>
          <reporter-output>
          </reporter-output>
        </test-method> <!-- testMethodStart -->
        <test-method status="PASS" signature="Tc_Login_001()[pri:0, instance:com.Automation.HoroLab.TestCases.Login@13deb50e]" name="Tc_Login_001" duration-ms="1121" started-at="2020-07-19T10:08:45Z" description="Verify Login with Valid Username and Valid Password" finished-at="2020-07-19T10:08:46Z">
          <reporter-output>
          </reporter-output>
        </test-method> <!-- Tc_Login_001 -->
        <test-method status="PASS" signature="testMethodEnd(org.testng.ITestResult)[pri:0, instance:com.Automation.HoroLab.TestCases.Login@13deb50e]" name="testMethodEnd" is-config="true" duration-ms="1372" started-at="2020-07-19T10:08:46Z" finished-at="2020-07-19T10:08:47Z">
          <params>
            <param index="0">
              <value>
                <![CDATA[[TestResult name=Tc_Login_001 status=SUCCESS method=Login.Tc_Login_001()[pri:0, instance:com.Automation.HoroLab.TestCases.Login@13deb50e] output={null}]]]>
              </value>
            </param>
          </params>
          <reporter-output>
          </reporter-output>
        </test-method> <!-- testMethodEnd -->
        <test-method status="PASS" signature="testMethodStart(java.lang.reflect.Method)[pri:0, instance:com.Automation.HoroLab.TestCases.Login@13deb50e]" name="testMethodStart" is-config="true" duration-ms="12987" started-at="2020-07-19T10:08:47Z" finished-at="2020-07-19T10:09:00Z">
          <params>
            <param index="0">
              <value>
                <![CDATA[public void com.Automation.HoroLab.TestCases.Login.Tc_Login_002()]]>
              </value>
            </param>
          </params>
          <reporter-output>
          </reporter-output>
        </test-method> <!-- testMethodStart -->
        <test-method status="PASS" signature="Tc_Login_002()[pri:1, instance:com.Automation.HoroLab.TestCases.Login@13deb50e]" name="Tc_Login_002" duration-ms="2093" started-at="2020-07-19T10:09:00Z" description="Verify Login with Valid Username and Invalid Password" finished-at="2020-07-19T10:09:03Z">
          <reporter-output>
          </reporter-output>
        </test-method> <!-- Tc_Login_002 -->
        <test-method status="PASS" signature="testMethodEnd(org.testng.ITestResult)[pri:0, instance:com.Automation.HoroLab.TestCases.Login@13deb50e]" name="testMethodEnd" is-config="true" duration-ms="860" started-at="2020-07-19T10:09:03Z" finished-at="2020-07-19T10:09:03Z">
          <params>
            <param index="0">
              <value>
                <![CDATA[[TestResult name=Tc_Login_002 status=SUCCESS method=Login.Tc_Login_002()[pri:1, instance:com.Automation.HoroLab.TestCases.Login@13deb50e] output={null}]]]>
              </value>
            </param>
          </params>
          <reporter-output>
          </reporter-output>
        </test-method> <!-- testMethodEnd -->
        <test-method status="PASS" signature="afterSuite(org.testng.ITestContext)[pri:0, instance:com.Automation.HoroLab.TestCases.Login@13deb50e]" name="afterSuite" is-config="true" duration-ms="24" started-at="2020-07-19T10:09:03Z" finished-at="2020-07-19T10:09:03Z">
          <params>
            <param index="0">
              <value>
                <![CDATA[org.testng.TestRunner@30d4b288]]>
              </value>
            </param>
          </params>
          <reporter-output>
          </reporter-output>
        </test-method> <!-- afterSuite -->
      </class> <!-- com.Automation.HoroLab.TestCases.Login -->
    </test> <!-- Default test -->
  </suite> <!-- Default suite -->
</testng-results>
